

*******************************************************************************
Fri Apr 20 23:41:58 2018


FIT:    data read from 'tiempos.dat'
        format = z
        #datapoints = 15
        residuals are weighted equally (unit weight)

function used for fitting: f(x)
	f(x)=a*x**2+b*x+c
fitted parameters initialized with current variable values

iter      chisq       delta/lim  lambda   a             b             c            
   0 1.2298632945e+18   0.00e+00  1.65e+08    1.000000e+00   1.000000e+00   1.000000e+00
  12 3.4036871016e-02  -6.48e-09  1.65e-04    2.955915e-08  -4.062630e-05   2.094523e-02

After 12 iterations the fit converged.
final sum of squares of residuals : 0.0340369
rel. change during last iteration : -6.48288e-14

degrees of freedom    (FIT_NDF)                        : 12
rms of residuals      (FIT_STDFIT) = sqrt(WSSR/ndf)    : 0.0532579
variance of residuals (reduced chisquare) = WSSR/ndf   : 0.00283641

Final set of parameters            Asymptotic Standard Error
=======================            ==========================
a               = 2.95592e-08      +/- 1.811e-10    (0.6128%)
b               = -4.06263e-05     +/- 5.596e-06    (13.77%)
c               = 0.0209452        +/- 0.01657      (79.1%)

correlation matrix of the fit parameters:
                a      b      c      
a               1.000 
b              -0.960  1.000 
c               0.373 -0.474  1.000 


*******************************************************************************
Fri Apr 20 23:42:32 2018


FIT:    data read from 'tiempos.dat'
        format = z
        #datapoints = 15
        residuals are weighted equally (unit weight)

function used for fitting: f(x)
	f(x)=a*x**2+b*x+c
fitted parameters initialized with current variable values

iter      chisq       delta/lim  lambda   a             b             c            
   0 3.4036871016e-02   0.00e+00  4.89e+00    2.955915e-08  -4.062630e-05   2.094523e-02
   1 3.4036871016e-02   0.00e+00  4.89e+00    2.955915e-08  -4.062630e-05   2.094523e-02

After 1 iterations the fit converged.
final sum of squares of residuals : 0.0340369
rel. change during last iteration : 0

degrees of freedom    (FIT_NDF)                        : 12
rms of residuals      (FIT_STDFIT) = sqrt(WSSR/ndf)    : 0.0532579
variance of residuals (reduced chisquare) = WSSR/ndf   : 0.00283641

Final set of parameters            Asymptotic Standard Error
=======================            ==========================
a               = 2.95592e-08      +/- 1.811e-10    (0.6128%)
b               = -4.06263e-05     +/- 5.596e-06    (13.77%)
c               = 0.0209452        +/- 0.01657      (79.1%)

correlation matrix of the fit parameters:
                a      b      c      
a               1.000 
b              -0.960  1.000 
c               0.373 -0.474  1.000 


*******************************************************************************
Fri Apr 20 23:43:55 2018


FIT:    data read from 'tiempos.dat'
        format = z
        #datapoints = 15
        residuals are weighted equally (unit weight)

function used for fitting: f(x)
	f(x)=a*x**2+b*x+c
fitted parameters initialized with current variable values

iter      chisq       delta/lim  lambda   a             b             c            
   0 3.4036871016e-02   0.00e+00  4.89e+00    2.955915e-08  -4.062630e-05   2.094523e-02
   1 3.4036871016e-02   0.00e+00  4.89e+00    2.955915e-08  -4.062630e-05   2.094523e-02

After 1 iterations the fit converged.
final sum of squares of residuals : 0.0340369
rel. change during last iteration : 0

degrees of freedom    (FIT_NDF)                        : 12
rms of residuals      (FIT_STDFIT) = sqrt(WSSR/ndf)    : 0.0532579
variance of residuals (reduced chisquare) = WSSR/ndf   : 0.00283641

Final set of parameters            Asymptotic Standard Error
=======================            ==========================
a               = 2.95592e-08      +/- 1.811e-10    (0.6128%)
b               = -4.06263e-05     +/- 5.596e-06    (13.77%)
c               = 0.0209452        +/- 0.01657      (79.1%)

correlation matrix of the fit parameters:
                a      b      c      
a               1.000 
b              -0.960  1.000 
c               0.373 -0.474  1.000 


*******************************************************************************
Sat Apr 21 00:32:53 2018


FIT:    data read from 'tiempos.dat'
        format = z
        #datapoints = 200
        residuals are weighted equally (unit weight)

function used for fitting: f(x)
	f(x)=a*x + b
fitted parameters initialized with current variable values

iter      chisq       delta/lim  lambda   a             b            
   0 6.6766295461e+07   0.00e+00  4.08e+02    1.000000e+00   1.000000e+00
   7 2.2606500672e-09  -1.83e-11  4.08e-05    3.108837e-08   1.966832e-06

After 7 iterations the fit converged.
final sum of squares of residuals : 2.26065e-09
rel. change during last iteration : -1.82952e-16

degrees of freedom    (FIT_NDF)                        : 198
rms of residuals      (FIT_STDFIT) = sqrt(WSSR/ndf)    : 3.37897e-06
variance of residuals (reduced chisquare) = WSSR/ndf   : 1.14174e-11

Final set of parameters            Asymptotic Standard Error
=======================            ==========================
a               = 3.10884e-08      +/- 8.277e-10    (2.662%)
b               = 1.96683e-06      +/- 4.775e-07    (24.28%)

correlation matrix of the fit parameters:
                a      b      
a               1.000 
b              -0.866  1.000 
