This is pdfTeX, Version 3.14159265-2.6-1.40.18 (TeX Live 2017/Debian) (preloaded format=latex 2018.4.20)  20 APR 2018 16:22
entering extended mode
 restricted \write18 enabled.
 %&-line parsing enabled.
**practica2.tex
(./practica2.tex
LaTeX2e <2017-04-15>
Babel <3.12> and hyphenation patterns for 84 language(s) loaded.
)
*
(Please type a command or say `\end')
*
! Interruption.
<*> 
    
? 
(Please type a command or say `\end')
*
(Please type a command or say `\end')
*
(Please type a command or say `\end')
*
(Please type a command or say `\end')
*
(Please type a command or say `\end')
*
(Please type a command or say `\end')
*
(Please type a command or say `\end')
*
(Please type a command or say `\end')
*/end

! LaTeX Error: Missing \begin{document}.

See the LaTeX manual or LaTeX Companion for explanation.
Type  H <return>  for immediate help.
 ...                                              
                                                  
<*> /
     end
? 
Missing character: There is no / in font nullfont!
Missing character: There is no e in font nullfont!
Missing character: There is no n in font nullfont!
Missing character: There is no d in font nullfont!

*

Overfull \hbox (20.0pt too wide) detected at line 0
[] 
 []

(Please type a command or say `\end')
*/end

! LaTeX Error: Missing \begin{document}.

See the LaTeX manual or LaTeX Companion for explanation.
Type  H <return>  for immediate help.
 ...                                              
                                                  
<*> /
     end
? 
Missing character: There is no / in font nullfont!
Missing character: There is no e in font nullfont!
Missing character: There is no n in font nullfont!
Missing character: There is no d in font nullfont!

*

Overfull \hbox (20.0pt too wide) detected at line 0
[] 
 []

(Please type a command or say `\end')
*
(Please type a command or say `\end')
*
(Please type a command or say `\end')
*
(Please type a command or say `\end')
*
(Please type a command or say `\end')
*
(Please type a command or say `\end')
*
! Interruption.
<*> 
    
? q
OK, entering \batchmode...
! Emergency stop.
<*> 
    
*** (job aborted, no legal \end found)

 
Here is how much of TeX's memory you used:
 5 strings out of 492991
 142 string characters out of 6135031
 53776 words of memory out of 5000000
 3663 multiletter control sequences out of 15000+600000
 3640 words of font info for 14 fonts, out of 8000000 for 9000
 1141 hyphenation exceptions out of 8191
 5i,0n,4p,17b,14s stack positions out of 5000i,500n,10000p,200000b,80000s
No pages of output.
