

*******************************************************************************
Sat Mar 17 22:23:54 2018


FIT:    data read from 'tiempos.dat'
        format = z
        #datapoints = 200
        residuals are weighted equally (unit weight)

function used for fitting: f(x)
	f(x)=a*x**2+b*x+c
fitted parameters initialized with current variable values



*******************************************************************************
Sat Mar 17 22:24:28 2018


FIT:    data read from 'tiempos.dat'
        format = z
        #datapoints = 200
        residuals are weighted equally (unit weight)

function used for fitting: f(x)
	f(x) = a*x**2+b*x+c
fitted parameters initialized with current variable values

iter      chisq       delta/lim  lambda   a             b             c            
   0 6.4810746764e+18   0.00e+00  1.04e+08    1.000000e+00   1.000000e+00   1.000000e+00
  11 1.5473893385e+00  -5.00e-04  1.04e-03    7.798537e-09  -1.555964e-05   3.073408e-02

After 11 iterations the fit converged.
final sum of squares of residuals : 1.54739
rel. change during last iteration : -4.99867e-09

degrees of freedom    (FIT_NDF)                        : 197
rms of residuals      (FIT_STDFIT) = sqrt(WSSR/ndf)    : 0.0886271
variance of residuals (reduced chisquare) = WSSR/ndf   : 0.00785477

Final set of parameters            Asymptotic Standard Error
=======================            ==========================
a               = 7.79854e-09      +/- 2.102e-10    (2.696%)
b               = -1.55596e-05     +/- 4.362e-06    (28.04%)
c               = 0.0307341        +/- 0.01899      (61.79%)

correlation matrix of the fit parameters:
                a      b      c      
a               1.000 
b              -0.969  1.000 
c               0.749 -0.868  1.000 


*******************************************************************************
Sat Mar 17 23:17:32 2018


FIT:    data read from 'tiempos.dat'
        format = z
        #datapoints = 10000
        residuals are weighted equally (unit weight)

function used for fitting: f(x)
	f(x) = a*x**2+b*x+c
fitted parameters initialized with current variable values

iter      chisq       delta/lim  lambda   a             b             c            
   0 2.0005050343e+27   0.00e+00  2.58e+11    1.000000e+00   1.000000e+00   1.000000e+00
  14 3.3921417745e-02  -5.73e-05  2.58e-03   -5.899595e-15   3.098659e-08  -3.546882e-04

After 14 iterations the fit converged.
final sum of squares of residuals : 0.0339214
rel. change during last iteration : -5.72556e-10

degrees of freedom    (FIT_NDF)                        : 9997
rms of residuals      (FIT_STDFIT) = sqrt(WSSR/ndf)    : 0.00184205
variance of residuals (reduced chisquare) = WSSR/ndf   : 3.39316e-06

Final set of parameters            Asymptotic Standard Error
=======================            ==========================
a               = -5.8996e-15      +/- 2.471e-16    (4.189%)
b               = 3.09866e-08      +/- 2.553e-10    (0.8238%)
c               = -0.000354688     +/- 5.527e-05    (15.58%)

correlation matrix of the fit parameters:
                a      b      c      
a               1.000 
b              -0.968  1.000 
c               0.745 -0.866  1.000 


*******************************************************************************
Sat Mar 17 23:18:23 2018


FIT:    data read from 'tiempos.dat'
        format = z
        #datapoints = 10000
        residuals are weighted equally (unit weight)

function used for fitting: f(x)
	f(x)=a*x+b
fitted parameters initialized with current variable values

iter      chisq       delta/lim  lambda   a             b            
   0 2.2956544748e+00   0.00e+00  2.20e-08   -5.899595e-15   3.098659e-08
   3 3.5855041111e-02  -1.13e-05  2.20e-11    2.508641e-08   6.288726e-04

After 3 iterations the fit converged.
final sum of squares of residuals : 0.035855
rel. change during last iteration : -1.13286e-10

degrees of freedom    (FIT_NDF)                        : 9998
rms of residuals      (FIT_STDFIT) = sqrt(WSSR/ndf)    : 0.00189373
variance of residuals (reduced chisquare) = WSSR/ndf   : 3.58622e-06

Final set of parameters            Asymptotic Standard Error
=======================            ==========================
a               = 2.50864e-08      +/- 6.56e-11     (0.2615%)
b               = 0.000628873      +/- 3.788e-05    (6.023%)

correlation matrix of the fit parameters:
                a      b      
a               1.000 
b              -0.866  1.000 


*******************************************************************************
Sat Mar 17 23:39:11 2018


FIT:    data read from 'tiempos.dat'
        format = z
        #datapoints = 10000
        residuals are weighted equally (unit weight)

function used for fitting: f(x)
	f(x)=a*(x*(log_b(x)))
	log_b(x)=log(x)/log(2)
fitted parameters initialized with current variable values

iter      chisq       delta/lim  lambda   a            
   0 1.2620647535e+18   0.00e+00  1.12e+07    1.000000e+00
   4 1.2158262299e-01   0.00e+00  1.12e+03    2.003932e-09

After 4 iterations the fit converged.
final sum of squares of residuals : 0.121583
rel. change during last iteration : 0

degrees of freedom    (FIT_NDF)                        : 9999
rms of residuals      (FIT_STDFIT) = sqrt(WSSR/ndf)    : 0.00348704
variance of residuals (reduced chisquare) = WSSR/ndf   : 1.21595e-05

Final set of parameters            Asymptotic Standard Error
=======================            ==========================
a               = 2.00393e-09      +/- 3.104e-12    (0.1549%)


*******************************************************************************
Sat Mar 17 23:56:07 2018


FIT:    data read from 'tiempos.dat'
        format = z
        #datapoints = 10000
        residuals are weighted equally (unit weight)

function used for fitting: f(x)
	f(x)=a*(x*(log_b(x)))
	log_b(x)=log(x)/log(2)
fitted parameters initialized with current variable values

iter      chisq       delta/lim  lambda   a            
   0 1.2620647553e+18   0.00e+00  1.12e+07    1.000000e+00
   4 1.8202436110e-01  -1.52e-11  1.12e+03    1.304861e-09

After 4 iterations the fit converged.
final sum of squares of residuals : 0.182024
rel. change during last iteration : -1.52483e-16

degrees of freedom    (FIT_NDF)                        : 9999
rms of residuals      (FIT_STDFIT) = sqrt(WSSR/ndf)    : 0.00426664
variance of residuals (reduced chisquare) = WSSR/ndf   : 1.82043e-05

Final set of parameters            Asymptotic Standard Error
=======================            ==========================
a               = 1.30486e-09      +/- 3.798e-12    (0.2911%)
