

*******************************************************************************
Sun Mar 18 14:29:20 2018


FIT:    data read from 'tiempos.dat'
        format = z
        #datapoints = 9
        residuals are weighted equally (unit weight)

function used for fitting: f(x)
	f(x)=a*x*gamma(x)+b
fitted parameters initialized with current variable values

iter      chisq       delta/lim  lambda   a             b            
   0 1.3333366940e+11   0.00e+00  8.61e+04    1.000000e+00   1.000000e+00
   9 5.4840629781e-05  -7.60e-09  8.61e-05    2.554852e-06  -7.864385e-04

After 9 iterations the fit converged.
final sum of squares of residuals : 5.48406e-05
rel. change during last iteration : -7.59911e-14

degrees of freedom    (FIT_NDF)                        : 7
rms of residuals      (FIT_STDFIT) = sqrt(WSSR/ndf)    : 0.002799
variance of residuals (reduced chisquare) = WSSR/ndf   : 7.83438e-06

Final set of parameters            Asymptotic Standard Error
=======================            ==========================
a               = 2.55485e-06      +/- 8.263e-09    (0.3234%)
b               = -0.000786439     +/- 0.001006     (127.9%)

correlation matrix of the fit parameters:
                a      b      
a               1.000 
b              -0.373  1.000 


*******************************************************************************
Sun Mar 18 14:33:43 2018


FIT:    data read from 'tiempos.dat'
        format = z
        #datapoints = 10
        residuals are weighted equally (unit weight)

function used for fitting: f(x)
	f(x)=a*x*gamma(x)+b
fitted parameters initialized with current variable values

iter      chisq       delta/lim  lambda   a             b            
   0 1.3301382890e+13   0.00e+00  8.16e+05    1.000000e+00   1.000000e+00
   9 1.1130587725e+00  -2.20e-03  8.16e-04    5.605975e-06  -1.211635e-01

After 9 iterations the fit converged.
final sum of squares of residuals : 1.11306
rel. change during last iteration : -2.19667e-08

degrees of freedom    (FIT_NDF)                        : 8
rms of residuals      (FIT_STDFIT) = sqrt(WSSR/ndf)    : 0.373004
variance of residuals (reduced chisquare) = WSSR/ndf   : 0.139132

Final set of parameters            Asymptotic Standard Error
=======================            ==========================
a               = 5.60598e-06      +/- 1.092e-07    (1.948%)
b               = -0.121163        +/- 0.1259       (103.9%)

correlation matrix of the fit parameters:
                a      b      
a               1.000 
b              -0.350  1.000 


*******************************************************************************
Sun Mar 18 17:25:26 2018


FIT:    data read from 'tiempos.dat'
        format = z
        #datapoints = 10
        residuals are weighted equally (unit weight)

function used for fitting: f(x)
	f(x)=a*x*gamma(x)+b
fitted parameters initialized with current variable values

iter      chisq       delta/lim  lambda   a             b            
   0 1.3301400444e+13   0.00e+00  8.16e+05    1.000000e+00   1.000000e+00
   9 3.7857561758e-02  -5.40e-02  8.16e-04    4.917123e-06  -2.555562e-02

After 9 iterations the fit converged.
final sum of squares of residuals : 0.0378576
rel. change during last iteration : -5.40394e-07

degrees of freedom    (FIT_NDF)                        : 8
rms of residuals      (FIT_STDFIT) = sqrt(WSSR/ndf)    : 0.068791
variance of residuals (reduced chisquare) = WSSR/ndf   : 0.0047322

Final set of parameters            Asymptotic Standard Error
=======================            ==========================
a               = 4.91712e-06      +/- 2.014e-08    (0.4095%)
b               = -0.0255556       +/- 0.02322      (90.87%)

correlation matrix of the fit parameters:
                a      b      
a               1.000 
b              -0.350  1.000 


*******************************************************************************
Sun Mar 18 17:33:29 2018


FIT:    data read from 'tiempos.dat'
        format = z
        #datapoints = 10
        residuals are weighted equally (unit weight)

function used for fitting: f(x)
	f(x)=a*x*gamma(x)+b
fitted parameters initialized with current variable values

iter      chisq       delta/lim  lambda   a             b            
   0 1.3301443403e+13   0.00e+00  8.16e+05    1.000000e+00   1.000000e+00
   9 3.6285626019e-02  -5.13e-02  8.16e-04    3.288027e-06   2.148879e-02

After 9 iterations the fit converged.
final sum of squares of residuals : 0.0362856
rel. change during last iteration : -5.13265e-07

degrees of freedom    (FIT_NDF)                        : 8
rms of residuals      (FIT_STDFIT) = sqrt(WSSR/ndf)    : 0.0673476
variance of residuals (reduced chisquare) = WSSR/ndf   : 0.0045357

Final set of parameters            Asymptotic Standard Error
=======================            ==========================
a               = 3.28803e-06      +/- 1.971e-08    (0.5996%)
b               = 0.0214888        +/- 0.02274      (105.8%)

correlation matrix of the fit parameters:
                a      b      
a               1.000 
b              -0.350  1.000 
